Arguments: 
  C:\Program Files\nodejs\node.exe C:\Users\SMILE\AppData\Roaming\npm\node_modules\yarn\bin\yarn.js add styled-componenets

PATH: 
  C:\Program Files (x86)\NVIDIA Corporation\PhysX\Common;C:\Program Files\Common Files\Oracle\Java\javapath;C:\Program Files (x86)\Common Files\Oracle\Java\javapath;C:\Windows\system32;C:\Windows;C:\Windows\System32\Wbem;C:\Windows\System32\WindowsPowerShell\v1.0\;C:\Windows\System32\OpenSSH\;C:\Program Files\dotnet\;C:\WINDOWS\system32;C:\WINDOWS;C:\WINDOWS\System32\Wbem;C:\WINDOWS\System32\WindowsPowerShell\v1.0\;C:\WINDOWS\System32\OpenSSH\;C:\Program Files\nodejs\;C:\Program Files\Git\cmd;C:\Users\SMILE\anaconda3;C:\Users\SMILE\anaconda3\Library\mingw-w64\bin;C:\Users\SMILE\anaconda3\Library\usr\bin;C:\Users\SMILE\anaconda3\Library\bin;C:\Users\SMILE\anaconda3\Scripts;C:\Users\SMILE\AppData\Local\Microsoft\WindowsApps;C:\Users\SMILE\.dotnet\tools;C:\Users\SMILE\AppData\Local\Programs\Microsoft VS Code\bin;C:\Users\SMILE\AppData\Roaming\npm;C:\Users\SMILE\AppData\Local\GitHubDesktop\bin

Yarn version: 
  1.22.19

Node version: 
  18.18.0

Platform: 
  win32 x64

Trace: 
  Error: https://registry.yarnpkg.com/styled-componenets: Not found
      at params.callback [as _callback] (C:\Users\SMILE\AppData\Roaming\npm\node_modules\yarn\lib\cli.js:66145:18)
      at self.callback (C:\Users\SMILE\AppData\Roaming\npm\node_modules\yarn\lib\cli.js:140890:22)
      at Request.emit (node:events:517:28)
      at Request.<anonymous> (C:\Users\SMILE\AppData\Roaming\npm\node_modules\yarn\lib\cli.js:141862:10)
      at Request.emit (node:events:517:28)
      at IncomingMessage.<anonymous> (C:\Users\SMILE\AppData\Roaming\npm\node_modules\yarn\lib\cli.js:141784:12)
      at Object.onceWrapper (node:events:631:28)
      at IncomingMessage.emit (node:events:529:35)
      at endReadableNT (node:internal/streams/readable:1368:12)
      at process.processTicksAndRejections (node:internal/process/task_queues:82:21)

npm manifest: 
  {
    "dependencies": {
      "styled-components": "^6.1.0"
    }
  }

yarn manifest: 
  No manifest

Lockfile: 
  No lockfile
